#
# There is insufficient memory for the Java Runtime Environment to continue.
# Native memory allocation (malloc) failed to allocate 32744 bytes for ChunkPool::allocate
# Possible reasons:
#   The system is out of physical RAM or swap space
#   The process is running with CompressedOops enabled, and the Java Heap may be blocking the growth of the native heap
# Possible solutions:
#   Reduce memory load on the system
#   Increase physical memory or swap space
#   Check if swap backing store is full
#   Decrease Java heap size (-Xmx/-Xms)
#   Decrease number of Java threads
#   Decrease Java thread stack sizes (-Xss)
#   Set larger code cache with -XX:ReservedCodeCacheSize=
#   JVM is running with Zero Based Compressed Oops mode in which the Java heap is
#     placed in the first 32GB address space. The Java Heap base address is the
#     maximum limit for the native heap growth. Please use -XX:HeapBaseMinAddress
#     to set the Java Heap base and to place the Java Heap above 32GB virtual address.
# This output file may be truncated or incomplete.
#
#  Out of Memory Error (allocation.cpp:273), pid=19016, tid=0x00000000000014c0
#
# JRE version: Java(TM) SE Runtime Environment (8.0_201-b09) (build 1.8.0_201-b09)
# Java VM: Java HotSpot(TM) 64-Bit Server VM (25.201-b09 mixed mode windows-amd64 compressed oops)
# Failed to write core dump. Minidumps are not enabled by default on client versions of Windows
#

---------------  T H R E A D  ---------------

Current thread (0x000000001be30000):  JavaThread "C2 CompilerThread0" daemon [_thread_in_native, id=5312, stack(0x000000001d4a0000,0x000000001d5a0000)]

Stack: [0x000000001d4a0000,0x000000001d5a0000]
[error occurred during error reporting (printing stack bounds), id 0xc0000005]

Native frames: (J=compiled Java code, j=interpreted, Vv=VM code, C=native code)


Current CompileTask:
C2:   4383 1445   !   4       sun.font.TrueTypeFont::getTableBuffer (199 bytes)


---------------  P R O C E S S  ---------------

Java Threads: ( => current thread )
  0x000000001f594800 JavaThread "TimerQueue" daemon [_thread_blocked, id=18296, stack(0x000000002bf40000,0x000000002c040000)]
  0x000000001f532000 JavaThread "D3D Screen Updater" daemon [_thread_blocked, id=19092, stack(0x000000002b330000,0x000000002b430000)]
  0x00000000026ae000 JavaThread "DestroyJavaVM" [_thread_blocked, id=18652, stack(0x0000000002510000,0x0000000002610000)]
  0x000000001f49c000 JavaThread "AWT-EventQueue-0" [_thread_in_native, id=18544, stack(0x000000002b030000,0x000000002b130000)]
  0x000000001f2f6000 JavaThread "mysql-cj-abandoned-connection-cleanup" daemon [_thread_blocked, id=2108, stack(0x000000002ab30000,0x000000002ac30000)]
  0x000000001f25f800 JavaThread "Image Fetcher 0" daemon [_thread_blocked, id=15972, stack(0x000000002aa30000,0x000000002ab30000)]
  0x000000001db8b800 JavaThread "AWT-Windows" daemon [_thread_in_native, id=18844, stack(0x000000001e200000,0x000000001e300000)]
  0x000000001db3c800 JavaThread "AWT-Shutdown" [_thread_blocked, id=15508, stack(0x000000001e100000,0x000000001e200000)]
  0x000000001db3b800 JavaThread "Java2D Disposer" daemon [_thread_blocked, id=17380, stack(0x000000001e000000,0x000000001e100000)]
  0x000000001d7c1000 JavaThread "Service Thread" daemon [_thread_blocked, id=18880, stack(0x000000001dba0000,0x000000001dca0000)]
  0x000000001be80000 JavaThread "C1 CompilerThread2" daemon [_thread_blocked, id=16860, stack(0x000000001d6a0000,0x000000001d7a0000)]
  0x000000001be40800 JavaThread "C2 CompilerThread1" daemon [_thread_in_native, id=14740, stack(0x000000001d5a0000,0x000000001d6a0000)]
=>0x000000001be30000 JavaThread "C2 CompilerThread0" daemon [_thread_in_native, id=5312, stack(0x000000001d4a0000,0x000000001d5a0000)]
  0x000000001be2c000 JavaThread "Attach Listener" daemon [_thread_blocked, id=19200, stack(0x000000001d3a0000,0x000000001d4a0000)]
  0x000000001be2b000 JavaThread "Signal Dispatcher" daemon [_thread_blocked, id=19404, stack(0x000000001d2a0000,0x000000001d3a0000)]
  0x000000001be1a800 JavaThread "Finalizer" daemon [_thread_blocked, id=13520, stack(0x000000001d080000,0x000000001d180000)]
  0x00000000027a0000 JavaThread "Reference Handler" daemon [_thread_blocked, id=12124, stack(0x000000001cf80000,0x000000001d080000)]

Other Threads:
  0x000000001bdf8000 VMThread [stack: 0x000000001ce80000,0x000000001cf80000] [id=18960]
  0x000000001d7c3800 WatcherThread [stack: 0x000000001dca0000,0x000000001dda0000] [id=16612]

VM state:not at safepoint (normal execution)

VM Mutex/Monitor currently owned by a thread: None

heap address: 0x00000006c0800000, size: 4088 MB, Compressed Oops mode: Zero based, Oop shift amount: 3
Narrow klass base: 0x0000000000000000, Narrow klass shift: 3
Compressed class space size: 1073741824 Address: 0x00000007c0000000

Heap:
 PSYoungGen      total 76288K, used 36771K [0x000000076ad80000, 0x0000000770280000, 0x00000007c0000000)
  eden space 65536K, 56% used [0x000000076ad80000,0x000000076d168d70,0x000000076ed80000)
  from space 10752K, 0% used [0x000000076f800000,0x000000076f800000,0x0000000770280000)
  to   space 10752K, 0% used [0x000000076ed80000,0x000000076ed80000,0x000000076f800000)
 ParOldGen       total 175104K, used 0K [0x00000006c0800000, 0x00000006cb300000, 0x000000076ad80000)
  object space 175104K, 0% used [0x00000006c0800000,0x00000006c0800000,0x00000006cb300000)
 Metaspace       used 16841K, capacity 17232K, committed 17408K, reserved 1064960K
  class space    used 2173K, capacity 2300K, committed 2304K, reserved 1048576K

Card table byte_map: [0x0000000011b70000,0x0000000012370000] byte_map_base: 0x000000000e56c000

Marking Bits: (ParMarkBitMap*) 0x0000000058164ce0
 Begin Bits: [0x0000000012cd0000, 0x0000000016cb0000)
 End Bits:   [0x0000000016cb0000, 0x000000001ac90000)

Polling page: 0x0000000000b60000

CodeCache: size=245760Kb used=4777Kb max_used=4777Kb free=240982Kb
 bounds [0x00000000027b0000, 0x0000000002c60000, 0x00000000117b0000]
 total_blobs=2100 nmethods=1515 adapters=497
 compilation: enabled

Compilation events (10 events):
Event: 4.374 Thread 0x000000001be80000 nmethod 1503 0x0000000002c51590 code [0x0000000002c51700, 0x0000000002c519e8]
Event: 4.374 Thread 0x000000001be80000 1504   !   3       sun.java2d.SunGraphics2D::clone (114 bytes)
Event: 4.374 Thread 0x000000001be80000 nmethod 1504 0x0000000002c51a90 code [0x0000000002c51c80, 0x0000000002c526a8]
Event: 4.375 Thread 0x000000001be80000 1505       3       sun.java2d.pipe.BufferedContext::validateContext (26 bytes)
Event: 4.375 Thread 0x000000001be40800 1507       4       java.lang.ref.SoftReference::get (29 bytes)
Event: 4.376 Thread 0x000000001be80000 nmethod 1505 0x0000000002c52b10 code [0x0000000002c52c80, 0x0000000002c52f98]
Event: 4.376 Thread 0x000000001be80000 1506       3       sun.java2d.pipe.BufferedContext::validate (575 bytes)
Event: 4.376 Thread 0x000000001be40800 nmethod 1507 0x0000000002c55dd0 code [0x0000000002c55f00, 0x0000000002c55fb8]
Event: 4.376 Thread 0x000000001be40800 1509       4       java.awt.Component::getParent (5 bytes)
Event: 4.376 Thread 0x000000001be40800 nmethod 1509 0x0000000002c56050 code [0x0000000002c56180, 0x0000000002c561f8]

GC Heap History (0 events):
No events

Deoptimization events (10 events):
Event: 0.638 Thread 0x00000000026ae000 Uncommon trap: reason=unstable_if action=reinterpret pc=0x00000000029dfc58 method=java.util.Properties$LineReader.readLine()I @ 252
Event: 0.638 Thread 0x00000000026ae000 Uncommon trap: reason=unstable_if action=reinterpret pc=0x000000000298fe28 method=java.util.Properties$LineReader.readLine()I @ 252
Event: 3.299 Thread 0x000000001f49c000 Uncommon trap: reason=class_check action=maybe_recompile pc=0x0000000002939690 method=java.lang.String.equals(Ljava/lang/Object;)Z @ 8
Event: 3.299 Thread 0x000000001f49c000 Uncommon trap: reason=class_check action=maybe_recompile pc=0x0000000002939690 method=java.lang.String.equals(Ljava/lang/Object;)Z @ 8
Event: 3.471 Thread 0x000000001f49c000 Uncommon trap: reason=class_check action=maybe_recompile pc=0x0000000002939690 method=java.lang.String.equals(Ljava/lang/Object;)Z @ 8
Event: 3.472 Thread 0x000000001f49c000 Uncommon trap: reason=class_check action=maybe_recompile pc=0x0000000002939690 method=java.lang.String.equals(Ljava/lang/Object;)Z @ 8
Event: 3.927 Thread 0x000000001f49c000 Uncommon trap: reason=unstable_if action=reinterpret pc=0x0000000002af035c method=sun.misc.MetaIndex.mayContain(Ljava/lang/String;)Z @ 38
Event: 4.092 Thread 0x000000001f49c000 Uncommon trap: reason=unstable_if action=reinterpret pc=0x0000000002bae8c8 method=sun.util.calendar.BaseCalendar.getFixedDate(IIILsun/util/calendar/BaseCalendar$Date;)J @ 67
Event: 4.299 Thread 0x000000001f49c000 Uncommon trap: reason=unstable_if action=reinterpret pc=0x0000000002a3e958 method=java.lang.CharacterData.of(I)Ljava/lang/CharacterData; @ 4
Event: 4.317 Thread 0x000000001f49c000 Uncommon trap: reason=unstable_if action=reinterpret pc=0x0000000002c18bbc method=java.lang.Character.isSurrogate(C)Z @ 3

Classes redefined (0 events):
No events

Internal exceptions (10 events):
Event: 0.053 Thread 0x00000000026ae000 Exception <a 'java/lang/NoSuchMethodError': Method sun.misc.Unsafe.prefetchRead(Ljava/lang/Object;J)V name or signature does not match> (0x000000076ad87f98) thrown at [C:\re\workspace\8-2-build-windows-amd64-cygwin\jdk8u201\12322\hotspot\src\share\vm\prim
Event: 0.113 Thread 0x00000000026ae000 Exception <a 'java/security/PrivilegedActionException'> (0x000000076ae096f0) thrown at [C:\re\workspace\8-2-build-windows-amd64-cygwin\jdk8u201\12322\hotspot\src\share\vm\prims\jvm.cpp, line 1502]
Event: 0.113 Thread 0x00000000026ae000 Exception <a 'java/security/PrivilegedActionException'> (0x000000076ae09900) thrown at [C:\re\workspace\8-2-build-windows-amd64-cygwin\jdk8u201\12322\hotspot\src\share\vm\prims\jvm.cpp, line 1502]
Event: 0.114 Thread 0x00000000026ae000 Exception <a 'java/security/PrivilegedActionException'> (0x000000076ae0d570) thrown at [C:\re\workspace\8-2-build-windows-amd64-cygwin\jdk8u201\12322\hotspot\src\share\vm\prims\jvm.cpp, line 1502]
Event: 0.114 Thread 0x00000000026ae000 Exception <a 'java/security/PrivilegedActionException'> (0x000000076ae0d780) thrown at [C:\re\workspace\8-2-build-windows-amd64-cygwin\jdk8u201\12322\hotspot\src\share\vm\prims\jvm.cpp, line 1502]
Event: 0.117 Thread 0x00000000026ae000 Exception <a 'java/io/FileNotFoundException'> (0x000000076ae104d8) thrown at [C:\re\workspace\8-2-build-windows-amd64-cygwin\jdk8u201\12322\hotspot\src\share\vm\prims\jni.cpp, line 709]
Event: 0.141 Thread 0x00000000026ae000 Exception <a 'java/lang/NoSuchFieldError': method resolution failed> (0x000000076b028c18) thrown at [C:\re\workspace\8-2-build-windows-amd64-cygwin\jdk8u201\12322\hotspot\src\share\vm\prims\methodHandles.cpp, line 1167]
Event: 0.142 Thread 0x00000000026ae000 Exception <a 'java/lang/NoSuchFieldError': method resolution failed> (0x000000076b035fe8) thrown at [C:\re\workspace\8-2-build-windows-amd64-cygwin\jdk8u201\12322\hotspot\src\share\vm\prims\methodHandles.cpp, line 1167]
Event: 0.172 Thread 0x00000000026ae000 Exception <a 'java/io/FileNotFoundException'> (0x000000076b0d0398) thrown at [C:\re\workspace\8-2-build-windows-amd64-cygwin\jdk8u201\12322\hotspot\src\share\vm\prims\jni.cpp, line 709]
Event: 0.311 Thread 0x00000000026ae000 Implicit null exception at 0x000000000291cea6 to 0x000000000291d085

Events (10 events):
Event: 4.299 Thread 0x000000001f49c000 DEOPT UNPACKING pc=0x00000000027f583b sp=0x000000002b12b3f0 mode 2
Event: 4.299 loading class java/lang/CharacterData00
Event: 4.299 loading class java/lang/CharacterData00 done
Event: 4.299 Executing VM operation: Deoptimize
Event: 4.299 Executing VM operation: Deoptimize done
Event: 4.317 Thread 0x000000001f49c000 Uncommon trap: trap_request=0xffffff65 fr.pc=0x0000000002c18bbc
Event: 4.317 Thread 0x000000001f49c000 DEOPT PACKING pc=0x0000000002c18bbc sp=0x000000002b12b090
Event: 4.317 Thread 0x000000001f49c000 DEOPT UNPACKING pc=0x00000000027f583b sp=0x000000002b12afb8 mode 2
Event: 4.349 loading class java/awt/GridBagLayoutInfo
Event: 4.350 loading class java/awt/GridBagLayoutInfo done


Dynamic libraries:
0x00007ff7e87c0000 - 0x00007ff7e87f7000 	C:\Program Files\Java\jre1.8.0_201\bin\javaw.exe
0x00007fff33ef0000 - 0x00007fff340d1000 	C:\WINDOWS\SYSTEM32\ntdll.dll
0x00007fff23260000 - 0x00007fff23272000 	C:\Program Files (x86)\AVG\Antivirus\aswhook.dll
0x00007fff315b0000 - 0x00007fff31661000 	C:\WINDOWS\System32\KERNEL32.DLL
0x00007fff310b0000 - 0x00007fff31323000 	C:\WINDOWS\System32\KERNELBASE.dll
0x00007fff32c80000 - 0x00007fff32d21000 	C:\WINDOWS\System32\ADVAPI32.dll
0x00007fff33b50000 - 0x00007fff33bee000 	C:\WINDOWS\System32\msvcrt.dll
0x00007fff33df0000 - 0x00007fff33e4b000 	C:\WINDOWS\System32\sechost.dll
0x00007fff31390000 - 0x00007fff314b4000 	C:\WINDOWS\System32\RPCRT4.dll
0x00007fff335f0000 - 0x00007fff33780000 	C:\WINDOWS\System32\USER32.dll
0x00007fff30f90000 - 0x00007fff30fb0000 	C:\WINDOWS\System32\win32u.dll
0x00007fff32c50000 - 0x00007fff32c78000 	C:\WINDOWS\System32\GDI32.dll
0x00007fff302c0000 - 0x00007fff30452000 	C:\WINDOWS\System32\gdi32full.dll
0x00007fff30fb0000 - 0x00007fff3104f000 	C:\WINDOWS\System32\msvcp_win.dll
0x00007fff30700000 - 0x00007fff307f8000 	C:\WINDOWS\System32\ucrtbase.dll
0x00007fff243b0000 - 0x00007fff24619000 	C:\WINDOWS\WinSxS\amd64_microsoft.windows.common-controls_6595b64144ccf1df_6.0.17134.706_none_fb43a2cb30647007\COMCTL32.dll
0x00007fff33800000 - 0x00007fff33b22000 	C:\WINDOWS\System32\combase.dll
0x00007fff30800000 - 0x00007fff3087a000 	C:\WINDOWS\System32\bcryptPrimitives.dll
0x00007fff33460000 - 0x00007fff3348d000 	C:\WINDOWS\System32\IMM32.DLL
0x0000000057780000 - 0x0000000057851000 	C:\Program Files\Java\jre1.8.0_201\bin\msvcr100.dll
0x0000000057940000 - 0x00000000581e4000 	C:\Program Files\Java\jre1.8.0_201\bin\server\jvm.dll
0x00007fff31380000 - 0x00007fff31388000 	C:\WINDOWS\System32\PSAPI.DLL
0x00007fff1fbc0000 - 0x00007fff1fbc9000 	C:\WINDOWS\SYSTEM32\WSOCK32.dll
0x00007fff33e50000 - 0x00007fff33ebc000 	C:\WINDOWS\System32\WS2_32.dll
0x00007fff2e490000 - 0x00007fff2e4b3000 	C:\WINDOWS\SYSTEM32\WINMM.dll
0x00007fff2b3e0000 - 0x00007fff2b3ea000 	C:\WINDOWS\SYSTEM32\VERSION.dll
0x00007fff2e370000 - 0x00007fff2e39a000 	C:\WINDOWS\SYSTEM32\WINMMBASE.dll
0x00007fff31330000 - 0x00007fff31379000 	C:\WINDOWS\System32\cfgmgr32.dll
0x00007fff25cf0000 - 0x00007fff25cff000 	C:\Program Files\Java\jre1.8.0_201\bin\verify.dll
0x00007fff17170000 - 0x00007fff17199000 	C:\Program Files\Java\jre1.8.0_201\bin\java.dll
0x00007fff24be0000 - 0x00007fff24bf6000 	C:\Program Files\Java\jre1.8.0_201\bin\zip.dll
0x00007fff31810000 - 0x00007fff32c50000 	C:\WINDOWS\System32\SHELL32.dll
0x00007fff33ce0000 - 0x00007fff33d89000 	C:\WINDOWS\System32\shcore.dll
0x00007fff30880000 - 0x00007fff30f8d000 	C:\WINDOWS\System32\windows.storage.dll
0x00007fff33d90000 - 0x00007fff33de1000 	C:\WINDOWS\System32\shlwapi.dll
0x00007fff30220000 - 0x00007fff30231000 	C:\WINDOWS\System32\kernel.appcore.dll
0x00007fff30290000 - 0x00007fff302af000 	C:\WINDOWS\System32\profapi.dll
0x00007fff30240000 - 0x00007fff3028c000 	C:\WINDOWS\System32\powrprof.dll
0x00007fff302b0000 - 0x00007fff302ba000 	C:\WINDOWS\System32\FLTLIB.DLL
0x00007ffef11e0000 - 0x00007ffef1379000 	C:\Program Files\Java\jre1.8.0_201\bin\awt.dll
0x00007fff314e0000 - 0x00007fff315a2000 	C:\WINDOWS\System32\OLEAUT32.dll
0x00007fff2e650000 - 0x00007fff2e6db000 	C:\WINDOWS\SYSTEM32\apphelp.dll
0x00007fff2e990000 - 0x00007fff2e9b9000 	C:\WINDOWS\system32\DWMAPI.DLL
0x00007fff2e8c0000 - 0x00007fff2e958000 	C:\WINDOWS\system32\uxtheme.dll
0x00007ffef4f80000 - 0x00007ffef50a0000 	C:\WINDOWS\system32\opengl32.dll
0x00007fff05fe0000 - 0x00007fff0600c000 	C:\WINDOWS\SYSTEM32\GLU32.dll
0x00007fff32d90000 - 0x00007fff32f03000 	C:\WINDOWS\System32\MSCTF.dll
0x00007fff33490000 - 0x00007fff335e1000 	C:\WINDOWS\System32\ole32.dll
0x00007fff18f50000 - 0x00007fff190e7000 	C:\WINDOWS\system32\d3d9.dll
0x00007fff2b2e0000 - 0x00007fff2b3ce000 	C:\WINDOWS\System32\DriverStore\FileRepository\nv_dispi.inf_amd64_edcffbdd101bbe5b\nvldumdx.dll
0x00007fff30460000 - 0x00007fff30642000 	C:\WINDOWS\System32\crypt32.dll
0x00007fff30200000 - 0x00007fff30212000 	C:\WINDOWS\System32\MSASN1.dll
0x00007fff31050000 - 0x00007fff310a7000 	C:\WINDOWS\System32\WINTRUST.DLL
0x00007fff33b30000 - 0x00007fff33b4d000 	C:\WINDOWS\System32\imagehlp.dll
0x00007fff2fbd0000 - 0x00007fff2fbe7000 	C:\WINDOWS\SYSTEM32\CRYPTSP.dll
0x00007fff2f600000 - 0x00007fff2f633000 	C:\WINDOWS\system32\rsaenh.dll
0x00007fff2fd00000 - 0x00007fff2fd25000 	C:\WINDOWS\SYSTEM32\bcrypt.dll
0x00007fff2fbf0000 - 0x00007fff2fbfb000 	C:\WINDOWS\SYSTEM32\CRYPTBASE.dll
0x00007ffed67f0000 - 0x00007ffed7bb0000 	C:\WINDOWS\System32\DriverStore\FileRepository\nv_dispi.inf_amd64_edcffbdd101bbe5b\nvd3dumx.dll
0x00007fff27150000 - 0x00007fff27214000 	C:\Program Files (x86)\NVIDIA Corporation\3D Vision\nvSCPAPI64.dll
0x00007fff33010000 - 0x00007fff3345b000 	C:\WINDOWS\System32\SETUPAPI.dll
0x00007ffeeea50000 - 0x00007ffeeecfe000 	C:\WINDOWS\system32\nvspcap64.dll
0x00007fff2f2f0000 - 0x00007fff2f321000 	C:\WINDOWS\SYSTEM32\ntmarta.dll
0x00007fff2ef40000 - 0x00007fff2ef62000 	C:\WINDOWS\SYSTEM32\gpapi.dll
0x00007fff2aa30000 - 0x00007fff2aa5e000 	C:\WINDOWS\SYSTEM32\cryptnet.dll
0x00007fff23280000 - 0x00007fff2329a000 	C:\Program Files\Java\jre1.8.0_201\bin\net.dll
0x00007fff26e90000 - 0x00007fff27058000 	C:\WINDOWS\SYSTEM32\urlmon.dll
0x00007fff25410000 - 0x00007fff256b6000 	C:\WINDOWS\SYSTEM32\iertutil.dll
0x00007fff2fa20000 - 0x00007fff2fa86000 	C:\WINDOWS\system32\mswsock.dll
0x00007fff05f90000 - 0x00007fff05fd7000 	C:\Program Files\Java\jre1.8.0_201\bin\fontmanager.dll
0x00007fff266d0000 - 0x00007fff26766000 	C:\WINDOWS\System32\TextInputFramework.dll
0x00007fff2bd60000 - 0x00007fff2c07e000 	C:\WINDOWS\System32\CoreUIComponents.dll
0x00007fff2e290000 - 0x00007fff2e36a000 	C:\WINDOWS\System32\CoreMessaging.dll
0x00007fff2c1d0000 - 0x00007fff2c31d000 	C:\WINDOWS\SYSTEM32\wintypes.dll
0x00007fff185a0000 - 0x00007fff185b1000 	C:\Program Files\Java\jre1.8.0_201\bin\nio.dll
0x00007fff05f40000 - 0x00007fff05f82000 	C:\Program Files\Java\jre1.8.0_201\bin\t2k.dll
0x00007fff32f70000 - 0x00007fff33010000 	C:\WINDOWS\System32\clbcatq.dll
0x00007fff2c620000 - 0x00007fff2c7ce000 	C:\WINDOWS\SYSTEM32\WindowsCodecs.dll
0x00007fff15140000 - 0x00007fff15198000 	C:\WINDOWS\system32\dataexchange.dll
0x00007fff2d4b0000 - 0x00007fff2d7bb000 	C:\WINDOWS\system32\d3d11.dll
0x00007fff2dd90000 - 0x00007fff2df2c000 	C:\WINDOWS\system32\dcomp.dll
0x00007fff2efc0000 - 0x00007fff2f07b000 	C:\WINDOWS\system32\dxgi.dll
0x00007fff2eb20000 - 0x00007fff2ecd8000 	C:\WINDOWS\system32\twinapi.appcore.dll
0x00007fff2e9c0000 - 0x00007fff2e9e9000 	C:\WINDOWS\system32\RMCLIENT.dll

VM Arguments:
jvm_args: -Dfile.encoding=Cp1252 
java_command: lacalleburger.Main
java_class_path (initial): J:\Programacion\#Trabajo Final\LaCalleBurger Repositorio\bin;J:\Programacion\#Trabajo Final\LaCalleBurger Repositorio\librerias\mysql-connector-java-8.0.15.jar;J:\Programacion\#Trabajo Final\LaCalleBurger Repositorio\librerias\jcalendar-1.4.jar;J:\Programacion\#Trabajo Final\LaCalleBurger Repositorio\jgoodies-forms-1.8.0.jar
Launcher Type: SUN_STANDARD

Environment Variables:
PATH=C:/Program Files/Java/jre1.8.0_201/bin/server;C:/Program Files/Java/jre1.8.0_201/bin;C:/Program Files/Java/jre1.8.0_201/lib/amd64;C:\oraclexe\app\oracle\product\11.2.0\server\bin;;C:\Program Files (x86)\Common Files\Oracle\Java\javapath;C:\Program Files (x86)\Common Files\Intel\Shared Libraries\redist\ia32\compiler;C:\Program Files (x86)\Common Files\Intel\Shared Libraries\redist\intel64\compiler;C:\Windows\system32;C:\Windows;C:\Windows\System32\Wbem;C:\Windows\System32\WindowsPowerShell\v1.0\;C:\Program Files (x86)\NVIDIA Corporation\PhysX\Common;C:\WINDOWS\system32;C:\WINDOWS;C:\WINDOWS\System32\Wbem;C:\WINDOWS\System32\WindowsPowerShell\v1.0\;C:\WINDOWS\System32\OpenSSH\;C:\Program Files\NVIDIA Corporation\NVIDIA NvDLISR;C:\Users\Sergio\AppData\Local\Microsoft\WindowsApps;C:\Users\Sergio\AppData\Local\atom\bin;%USERPROFILE%\AppData\Local\Microsoft\WindowsApps;C:\Users\Sergio\Desktop;
USERNAME=Sergio
OS=Windows_NT
PROCESSOR_IDENTIFIER=Intel64 Family 6 Model 94 Stepping 3, GenuineIntel



---------------  S Y S T E M  ---------------

OS: Windows 10.0 , 64 bit Build 17134 (10.0.17134.706)

CPU:total 4 (initial active 4) (4 cores per cpu, 1 threads per core) family 6 model 94 stepping 3, cmov, cx8, fxsr, mmx, sse, sse2, sse3, ssse3, sse4.1, sse4.2, popcnt, avx, avx2, aes, clmul, erms, rtm, 3dnowpref, lzcnt, tsc, tscinvbit, bmi1, bmi2, adx

Memory: 4k page, physical 16740496k(8452684k free), swap 31320460k(6684k free)

vm_info: Java HotSpot(TM) 64-Bit Server VM (25.201-b09) for windows-amd64 JRE (1.8.0_201-b09), built on Dec 15 2018 18:36:39 by "java_re" with MS VC++ 10.0 (VS2010)

time: Tue May 07 20:05:25 2019
timezone: Hora de verano romance
elapsed time: 4 seconds (0d 0h 0m 4s)

